[2026-05-18T12:45:03.225+0000] {local_task_job_runner.py:120} INFO - ::group::Pre task execution logs
[2026-05-18T12:45:03.450+0000] {taskinstance.py:2076} INFO - Dependencies all met for dep_context=non-requeueable deps ti=<TaskInstance: data_quality_checks.check_freshness scheduled__2026-05-18T12:30:00+00:00 [queued]>
[2026-05-18T12:45:03.493+0000] {taskinstance.py:2076} INFO - Dependencies all met for dep_context=requeueable deps ti=<TaskInstance: data_quality_checks.check_freshness scheduled__2026-05-18T12:30:00+00:00 [queued]>
[2026-05-18T12:45:03.496+0000] {taskinstance.py:2306} INFO - Starting attempt 1 of 1
[2026-05-18T12:45:03.567+0000] {taskinstance.py:2330} INFO - Executing <Task(PythonOperator): check_freshness> on 2026-05-18 12:30:00+00:00
[2026-05-18T12:45:03.595+0000] {standard_task_runner.py:90} INFO - Running: ['airflow', 'tasks', 'run', 'data_quality_checks', 'check_freshness', 'scheduled__2026-05-18T12:30:00+00:00', '--job-id', '26', '--raw', '--subdir', 'DAGS_FOLDER/data_quality.py', '--cfg-path', '/tmp/tmpy71i7_8z']
[2026-05-18T12:45:03.602+0000] {standard_task_runner.py:91} INFO - Job 26: Subtask check_freshness
[2026-05-18T12:45:03.605+0000] {logging_mixin.py:188} WARNING - /home/airflow/.local/lib/python3.12/site-packages/airflow/task/task_runner/standard_task_runner.py:61 DeprecationWarning: This process (pid=7592) is multi-threaded, use of fork() may lead to deadlocks in the child.
[2026-05-18T12:45:03.607+0000] {standard_task_runner.py:63} INFO - Started process 7593 to run task
[2026-05-18T12:45:03.844+0000] {task_command.py:426} INFO - Running <TaskInstance: data_quality_checks.check_freshness scheduled__2026-05-18T12:30:00+00:00 [running]> on host 42a8c6b849e0
[2026-05-18T12:45:04.254+0000] {taskinstance.py:2648} INFO - Exporting env vars: AIRFLOW_CTX_DAG_OWNER='airflow' AIRFLOW_CTX_DAG_ID='data_quality_checks' AIRFLOW_CTX_TASK_ID='check_freshness' AIRFLOW_CTX_EXECUTION_DATE='2026-05-18T12:30:00+00:00' AIRFLOW_CTX_TRY_NUMBER='1' AIRFLOW_CTX_DAG_RUN_ID='scheduled__2026-05-18T12:30:00+00:00'
[2026-05-18T12:45:04.257+0000] {taskinstance.py:430} INFO - ::endgroup::
[2026-05-18T12:45:04.341+0000] {taskinstance.py:441} INFO - ::group::Post task execution logs
[2026-05-18T12:45:04.346+0000] {taskinstance.py:2905} ERROR - Task failed with exception
Traceback (most recent call last):
  File "/home/airflow/.local/lib/python3.12/site-packages/airflow/models/taskinstance.py", line 465, in _execute_task
    result = _execute_callable(context=context, **execute_callable_kwargs)
             ^^^^^^^^^^^^^^^^^^^^^^^^^^^^^^^^^^^^^^^^^^^^^^^^^^^^^^^^^^^^^
  File "/home/airflow/.local/lib/python3.12/site-packages/airflow/models/taskinstance.py", line 432, in _execute_callable
    return execute_callable(context=context, **execute_callable_kwargs)
           ^^^^^^^^^^^^^^^^^^^^^^^^^^^^^^^^^^^^^^^^^^^^^^^^^^^^^^^^^^^^
  File "/home/airflow/.local/lib/python3.12/site-packages/airflow/models/baseoperator.py", line 400, in wrapper
    return func(self, *args, **kwargs)
           ^^^^^^^^^^^^^^^^^^^^^^^^^^^
  File "/home/airflow/.local/lib/python3.12/site-packages/airflow/operators/python.py", line 235, in execute
    return_value = self.execute_callable()
                   ^^^^^^^^^^^^^^^^^^^^^^^
  File "/home/airflow/.local/lib/python3.12/site-packages/airflow/operators/python.py", line 252, in execute_callable
    return self.python_callable(*self.op_args, **self.op_kwargs)
           ^^^^^^^^^^^^^^^^^^^^^^^^^^^^^^^^^^^^^^^^^^^^^^^^^^^^^
  File "/opt/airflow/dags/data_quality.py", line 16, in check_data_freshness
    cur.execute("""
psycopg2.errors.UndefinedTable: relation "ohlcv_1min" does not exist
LINE 5:         FROM ohlcv_1min
                     ^

[2026-05-18T12:45:04.410+0000] {taskinstance.py:1206} INFO - Marking task as FAILED. dag_id=data_quality_checks, task_id=check_freshness, run_id=scheduled__2026-05-18T12:30:00+00:00, execution_date=20260518T123000, start_date=20260518T124503, end_date=20260518T124504
[2026-05-18T12:45:04.459+0000] {standard_task_runner.py:110} ERROR - Failed to execute job 26 for task check_freshness (relation "ohlcv_1min" does not exist
LINE 5:         FROM ohlcv_1min
                     ^
; 7593)
[2026-05-18T12:45:04.517+0000] {local_task_job_runner.py:240} INFO - Task exited with return code 1
[2026-05-18T12:45:04.570+0000] {local_task_job_runner.py:222} INFO - ::endgroup::
