[2026-05-18T08:30:00.931+0000] {local_task_job_runner.py:120} INFO - ::group::Pre task execution logs
[2026-05-18T08:30:00.992+0000] {taskinstance.py:2076} INFO - Dependencies all met for dep_context=non-requeueable deps ti=<TaskInstance: data_quality_checks.check_freshness scheduled__2026-05-18T08:15:00+00:00 [queued]>
[2026-05-18T08:30:01.007+0000] {taskinstance.py:2076} INFO - Dependencies all met for dep_context=requeueable deps ti=<TaskInstance: data_quality_checks.check_freshness scheduled__2026-05-18T08:15:00+00:00 [queued]>
[2026-05-18T08:30:01.008+0000] {taskinstance.py:2306} INFO - Starting attempt 1 of 1
[2026-05-18T08:30:01.029+0000] {taskinstance.py:2330} INFO - Executing <Task(PythonOperator): check_freshness> on 2026-05-18 08:15:00+00:00
[2026-05-18T08:30:01.046+0000] {standard_task_runner.py:90} INFO - Running: ['airflow', 'tasks', 'run', 'data_quality_checks', 'check_freshness', 'scheduled__2026-05-18T08:15:00+00:00', '--job-id', '9', '--raw', '--subdir', 'DAGS_FOLDER/data_quality.py', '--cfg-path', '/tmp/tmpt_yrfqbu']
[2026-05-18T08:30:01.052+0000] {standard_task_runner.py:91} INFO - Job 9: Subtask check_freshness
[2026-05-18T08:30:01.055+0000] {logging_mixin.py:188} WARNING - /home/airflow/.local/lib/python3.12/site-packages/airflow/task/task_runner/standard_task_runner.py:61 DeprecationWarning: This process (pid=2608) is multi-threaded, use of fork() may lead to deadlocks in the child.
[2026-05-18T08:30:01.059+0000] {standard_task_runner.py:63} INFO - Started process 2609 to run task
[2026-05-18T08:30:01.170+0000] {task_command.py:426} INFO - Running <TaskInstance: data_quality_checks.check_freshness scheduled__2026-05-18T08:15:00+00:00 [running]> on host 42a8c6b849e0
[2026-05-18T08:30:01.329+0000] {taskinstance.py:2648} INFO - Exporting env vars: AIRFLOW_CTX_DAG_OWNER='airflow' AIRFLOW_CTX_DAG_ID='data_quality_checks' AIRFLOW_CTX_TASK_ID='check_freshness' AIRFLOW_CTX_EXECUTION_DATE='2026-05-18T08:15:00+00:00' AIRFLOW_CTX_TRY_NUMBER='1' AIRFLOW_CTX_DAG_RUN_ID='scheduled__2026-05-18T08:15:00+00:00'
[2026-05-18T08:30:01.331+0000] {taskinstance.py:430} INFO - ::endgroup::
[2026-05-18T08:30:01.359+0000] {taskinstance.py:441} INFO - ::group::Post task execution logs
[2026-05-18T08:30:01.360+0000] {taskinstance.py:2905} ERROR - Task failed with exception
Traceback (most recent call last):
  File "/home/airflow/.local/lib/python3.12/site-packages/airflow/models/taskinstance.py", line 465, in _execute_task
    result = _execute_callable(context=context, **execute_callable_kwargs)
             ^^^^^^^^^^^^^^^^^^^^^^^^^^^^^^^^^^^^^^^^^^^^^^^^^^^^^^^^^^^^^
  File "/home/airflow/.local/lib/python3.12/site-packages/airflow/models/taskinstance.py", line 432, in _execute_callable
    return execute_callable(context=context, **execute_callable_kwargs)
           ^^^^^^^^^^^^^^^^^^^^^^^^^^^^^^^^^^^^^^^^^^^^^^^^^^^^^^^^^^^^
  File "/home/airflow/.local/lib/python3.12/site-packages/airflow/models/baseoperator.py", line 400, in wrapper
    return func(self, *args, **kwargs)
           ^^^^^^^^^^^^^^^^^^^^^^^^^^^
  File "/home/airflow/.local/lib/python3.12/site-packages/airflow/operators/python.py", line 235, in execute
    return_value = self.execute_callable()
                   ^^^^^^^^^^^^^^^^^^^^^^^
  File "/home/airflow/.local/lib/python3.12/site-packages/airflow/operators/python.py", line 252, in execute_callable
    return self.python_callable(*self.op_args, **self.op_kwargs)
           ^^^^^^^^^^^^^^^^^^^^^^^^^^^^^^^^^^^^^^^^^^^^^^^^^^^^^
  File "/opt/airflow/dags/data_quality.py", line 16, in check_data_freshness
    cur.execute("""
psycopg2.errors.UndefinedTable: relation "ohlcv_1min" does not exist
LINE 5:         FROM ohlcv_1min
                     ^

[2026-05-18T08:30:01.391+0000] {taskinstance.py:1206} INFO - Marking task as FAILED. dag_id=data_quality_checks, task_id=check_freshness, run_id=scheduled__2026-05-18T08:15:00+00:00, execution_date=20260518T081500, start_date=20260518T083000, end_date=20260518T083001
[2026-05-18T08:30:01.412+0000] {standard_task_runner.py:110} ERROR - Failed to execute job 9 for task check_freshness (relation "ohlcv_1min" does not exist
LINE 5:         FROM ohlcv_1min
                     ^
; 2609)
[2026-05-18T08:30:01.436+0000] {local_task_job_runner.py:240} INFO - Task exited with return code 1
[2026-05-18T08:30:01.479+0000] {taskinstance.py:3498} INFO - 0 downstream tasks scheduled from follow-on schedule check
[2026-05-18T08:30:01.487+0000] {local_task_job_runner.py:222} INFO - ::endgroup::
