[2026-05-18T14:45:03.539+0000] {local_task_job_runner.py:120} INFO - ::group::Pre task execution logs
[2026-05-18T14:45:03.859+0000] {taskinstance.py:2076} INFO - Dependencies all met for dep_context=non-requeueable deps ti=<TaskInstance: data_quality_checks.check_freshness scheduled__2026-05-18T14:30:00+00:00 [queued]>
[2026-05-18T14:45:03.899+0000] {taskinstance.py:2076} INFO - Dependencies all met for dep_context=requeueable deps ti=<TaskInstance: data_quality_checks.check_freshness scheduled__2026-05-18T14:30:00+00:00 [queued]>
[2026-05-18T14:45:03.901+0000] {taskinstance.py:2306} INFO - Starting attempt 1 of 1
[2026-05-18T14:45:03.973+0000] {taskinstance.py:2330} INFO - Executing <Task(PythonOperator): check_freshness> on 2026-05-18 14:30:00+00:00
[2026-05-18T14:45:04.012+0000] {logging_mixin.py:188} WARNING - /home/airflow/.local/lib/python3.12/site-packages/airflow/task/task_runner/standard_task_runner.py:61 DeprecationWarning: This process (pid=9898) is multi-threaded, use of fork() may lead to deadlocks in the child.
[2026-05-18T14:45:04.007+0000] {standard_task_runner.py:90} INFO - Running: ['airflow', 'tasks', 'run', 'data_quality_checks', 'check_freshness', 'scheduled__2026-05-18T14:30:00+00:00', '--job-id', '34', '--raw', '--subdir', 'DAGS_FOLDER/data_quality.py', '--cfg-path', '/tmp/tmp5552rfuw']
[2026-05-18T14:45:04.016+0000] {standard_task_runner.py:91} INFO - Job 34: Subtask check_freshness
[2026-05-18T14:45:04.015+0000] {standard_task_runner.py:63} INFO - Started process 9899 to run task
[2026-05-18T14:45:04.284+0000] {task_command.py:426} INFO - Running <TaskInstance: data_quality_checks.check_freshness scheduled__2026-05-18T14:30:00+00:00 [running]> on host 42a8c6b849e0
[2026-05-18T14:45:04.831+0000] {taskinstance.py:2648} INFO - Exporting env vars: AIRFLOW_CTX_DAG_OWNER='airflow' AIRFLOW_CTX_DAG_ID='data_quality_checks' AIRFLOW_CTX_TASK_ID='check_freshness' AIRFLOW_CTX_EXECUTION_DATE='2026-05-18T14:30:00+00:00' AIRFLOW_CTX_TRY_NUMBER='1' AIRFLOW_CTX_DAG_RUN_ID='scheduled__2026-05-18T14:30:00+00:00'
[2026-05-18T14:45:04.835+0000] {taskinstance.py:430} INFO - ::endgroup::
[2026-05-18T14:45:04.975+0000] {taskinstance.py:441} INFO - ::group::Post task execution logs
[2026-05-18T14:45:04.981+0000] {taskinstance.py:2905} ERROR - Task failed with exception
Traceback (most recent call last):
  File "/home/airflow/.local/lib/python3.12/site-packages/airflow/models/taskinstance.py", line 465, in _execute_task
    result = _execute_callable(context=context, **execute_callable_kwargs)
             ^^^^^^^^^^^^^^^^^^^^^^^^^^^^^^^^^^^^^^^^^^^^^^^^^^^^^^^^^^^^^
  File "/home/airflow/.local/lib/python3.12/site-packages/airflow/models/taskinstance.py", line 432, in _execute_callable
    return execute_callable(context=context, **execute_callable_kwargs)
           ^^^^^^^^^^^^^^^^^^^^^^^^^^^^^^^^^^^^^^^^^^^^^^^^^^^^^^^^^^^^
  File "/home/airflow/.local/lib/python3.12/site-packages/airflow/models/baseoperator.py", line 400, in wrapper
    return func(self, *args, **kwargs)
           ^^^^^^^^^^^^^^^^^^^^^^^^^^^
  File "/home/airflow/.local/lib/python3.12/site-packages/airflow/operators/python.py", line 235, in execute
    return_value = self.execute_callable()
                   ^^^^^^^^^^^^^^^^^^^^^^^
  File "/home/airflow/.local/lib/python3.12/site-packages/airflow/operators/python.py", line 252, in execute_callable
    return self.python_callable(*self.op_args, **self.op_kwargs)
           ^^^^^^^^^^^^^^^^^^^^^^^^^^^^^^^^^^^^^^^^^^^^^^^^^^^^^
  File "/opt/airflow/dags/data_quality.py", line 16, in check_data_freshness
    cur.execute("""
psycopg2.errors.UndefinedTable: relation "ohlcv_1min" does not exist
LINE 5:         FROM ohlcv_1min
                     ^

[2026-05-18T14:45:05.067+0000] {taskinstance.py:1206} INFO - Marking task as FAILED. dag_id=data_quality_checks, task_id=check_freshness, run_id=scheduled__2026-05-18T14:30:00+00:00, execution_date=20260518T143000, start_date=20260518T144503, end_date=20260518T144505
[2026-05-18T14:45:05.122+0000] {standard_task_runner.py:110} ERROR - Failed to execute job 34 for task check_freshness (relation "ohlcv_1min" does not exist
LINE 5:         FROM ohlcv_1min
                     ^
; 9899)
[2026-05-18T14:45:05.188+0000] {local_task_job_runner.py:240} INFO - Task exited with return code 1
[2026-05-18T14:45:05.323+0000] {taskinstance.py:3498} INFO - 0 downstream tasks scheduled from follow-on schedule check
[2026-05-18T14:45:05.344+0000] {local_task_job_runner.py:222} INFO - ::endgroup::
