[2026-05-18T12:30:02.313+0000] {local_task_job_runner.py:120} INFO - ::group::Pre task execution logs
[2026-05-18T12:30:02.673+0000] {taskinstance.py:2076} INFO - Dependencies all met for dep_context=non-requeueable deps ti=<TaskInstance: data_quality_checks.check_freshness scheduled__2026-05-18T12:15:00+00:00 [queued]>
[2026-05-18T12:30:02.721+0000] {taskinstance.py:2076} INFO - Dependencies all met for dep_context=requeueable deps ti=<TaskInstance: data_quality_checks.check_freshness scheduled__2026-05-18T12:15:00+00:00 [queued]>
[2026-05-18T12:30:02.724+0000] {taskinstance.py:2306} INFO - Starting attempt 1 of 1
[2026-05-18T12:30:03.164+0000] {taskinstance.py:2330} INFO - Executing <Task(PythonOperator): check_freshness> on 2026-05-18 12:15:00+00:00
[2026-05-18T12:30:03.249+0000] {standard_task_runner.py:90} INFO - Running: ['airflow', 'tasks', 'run', 'data_quality_checks', 'check_freshness', 'scheduled__2026-05-18T12:15:00+00:00', '--job-id', '25', '--raw', '--subdir', 'DAGS_FOLDER/data_quality.py', '--cfg-path', '/tmp/tmp5_g9bs4f']
[2026-05-18T12:30:03.272+0000] {standard_task_runner.py:91} INFO - Job 25: Subtask check_freshness
[2026-05-18T12:30:03.271+0000] {logging_mixin.py:188} WARNING - /home/airflow/.local/lib/python3.12/site-packages/airflow/task/task_runner/standard_task_runner.py:61 DeprecationWarning: This process (pid=7300) is multi-threaded, use of fork() may lead to deadlocks in the child.
[2026-05-18T12:30:03.274+0000] {standard_task_runner.py:63} INFO - Started process 7307 to run task
[2026-05-18T12:30:03.558+0000] {task_command.py:426} INFO - Running <TaskInstance: data_quality_checks.check_freshness scheduled__2026-05-18T12:15:00+00:00 [running]> on host 42a8c6b849e0
[2026-05-18T12:30:04.042+0000] {taskinstance.py:2648} INFO - Exporting env vars: AIRFLOW_CTX_DAG_OWNER='airflow' AIRFLOW_CTX_DAG_ID='data_quality_checks' AIRFLOW_CTX_TASK_ID='check_freshness' AIRFLOW_CTX_EXECUTION_DATE='2026-05-18T12:15:00+00:00' AIRFLOW_CTX_TRY_NUMBER='1' AIRFLOW_CTX_DAG_RUN_ID='scheduled__2026-05-18T12:15:00+00:00'
[2026-05-18T12:30:04.045+0000] {taskinstance.py:430} INFO - ::endgroup::
[2026-05-18T12:30:04.144+0000] {taskinstance.py:441} INFO - ::group::Post task execution logs
[2026-05-18T12:30:04.150+0000] {taskinstance.py:2905} ERROR - Task failed with exception
Traceback (most recent call last):
  File "/home/airflow/.local/lib/python3.12/site-packages/airflow/models/taskinstance.py", line 465, in _execute_task
    result = _execute_callable(context=context, **execute_callable_kwargs)
             ^^^^^^^^^^^^^^^^^^^^^^^^^^^^^^^^^^^^^^^^^^^^^^^^^^^^^^^^^^^^^
  File "/home/airflow/.local/lib/python3.12/site-packages/airflow/models/taskinstance.py", line 432, in _execute_callable
    return execute_callable(context=context, **execute_callable_kwargs)
           ^^^^^^^^^^^^^^^^^^^^^^^^^^^^^^^^^^^^^^^^^^^^^^^^^^^^^^^^^^^^
  File "/home/airflow/.local/lib/python3.12/site-packages/airflow/models/baseoperator.py", line 400, in wrapper
    return func(self, *args, **kwargs)
           ^^^^^^^^^^^^^^^^^^^^^^^^^^^
  File "/home/airflow/.local/lib/python3.12/site-packages/airflow/operators/python.py", line 235, in execute
    return_value = self.execute_callable()
                   ^^^^^^^^^^^^^^^^^^^^^^^
  File "/home/airflow/.local/lib/python3.12/site-packages/airflow/operators/python.py", line 252, in execute_callable
    return self.python_callable(*self.op_args, **self.op_kwargs)
           ^^^^^^^^^^^^^^^^^^^^^^^^^^^^^^^^^^^^^^^^^^^^^^^^^^^^^
  File "/opt/airflow/dags/data_quality.py", line 16, in check_data_freshness
    cur.execute("""
psycopg2.errors.UndefinedTable: relation "ohlcv_1min" does not exist
LINE 5:         FROM ohlcv_1min
                     ^

[2026-05-18T12:30:04.241+0000] {taskinstance.py:1206} INFO - Marking task as FAILED. dag_id=data_quality_checks, task_id=check_freshness, run_id=scheduled__2026-05-18T12:15:00+00:00, execution_date=20260518T121500, start_date=20260518T123002, end_date=20260518T123004
[2026-05-18T12:30:04.301+0000] {standard_task_runner.py:110} ERROR - Failed to execute job 25 for task check_freshness (relation "ohlcv_1min" does not exist
LINE 5:         FROM ohlcv_1min
                     ^
; 7307)
[2026-05-18T12:30:04.368+0000] {local_task_job_runner.py:240} INFO - Task exited with return code 1
[2026-05-18T12:30:04.499+0000] {taskinstance.py:3498} INFO - 0 downstream tasks scheduled from follow-on schedule check
[2026-05-18T12:30:04.515+0000] {local_task_job_runner.py:222} INFO - ::endgroup::
