[2026-05-18T07:09:19.062+0000] {local_task_job_runner.py:120} INFO - ::group::Pre task execution logs
[2026-05-18T07:09:19.167+0000] {taskinstance.py:2076} INFO - Dependencies all met for dep_context=non-requeueable deps ti=<TaskInstance: data_quality_checks.check_freshness manual__2026-05-18T07:09:17.548226+00:00 [queued]>
[2026-05-18T07:09:19.186+0000] {taskinstance.py:2076} INFO - Dependencies all met for dep_context=requeueable deps ti=<TaskInstance: data_quality_checks.check_freshness manual__2026-05-18T07:09:17.548226+00:00 [queued]>
[2026-05-18T07:09:19.187+0000] {taskinstance.py:2306} INFO - Starting attempt 1 of 1
[2026-05-18T07:09:19.212+0000] {taskinstance.py:2330} INFO - Executing <Task(PythonOperator): check_freshness> on 2026-05-18 07:09:17.548226+00:00
[2026-05-18T07:09:19.231+0000] {standard_task_runner.py:90} INFO - Running: ['airflow', 'tasks', 'run', 'data_quality_checks', 'check_freshness', 'manual__2026-05-18T07:09:17.548226+00:00', '--job-id', '2', '--raw', '--subdir', 'DAGS_FOLDER/data_quality.py', '--cfg-path', '/tmp/tmpgdjktyzz']
[2026-05-18T07:09:19.238+0000] {standard_task_runner.py:91} INFO - Job 2: Subtask check_freshness
[2026-05-18T07:09:19.239+0000] {logging_mixin.py:188} WARNING - /home/airflow/.local/lib/python3.12/site-packages/airflow/task/task_runner/standard_task_runner.py:61 DeprecationWarning: This process (pid=1014) is multi-threaded, use of fork() may lead to deadlocks in the child.
[2026-05-18T07:09:19.241+0000] {standard_task_runner.py:63} INFO - Started process 1016 to run task
[2026-05-18T07:09:19.398+0000] {task_command.py:426} INFO - Running <TaskInstance: data_quality_checks.check_freshness manual__2026-05-18T07:09:17.548226+00:00 [running]> on host 42a8c6b849e0
[2026-05-18T07:09:19.628+0000] {taskinstance.py:2648} INFO - Exporting env vars: AIRFLOW_CTX_DAG_OWNER='airflow' AIRFLOW_CTX_DAG_ID='data_quality_checks' AIRFLOW_CTX_TASK_ID='check_freshness' AIRFLOW_CTX_EXECUTION_DATE='2026-05-18T07:09:17.548226+00:00' AIRFLOW_CTX_TRY_NUMBER='1' AIRFLOW_CTX_DAG_RUN_ID='manual__2026-05-18T07:09:17.548226+00:00'
[2026-05-18T07:09:19.629+0000] {taskinstance.py:430} INFO - ::endgroup::
[2026-05-18T07:09:19.706+0000] {taskinstance.py:441} INFO - ::group::Post task execution logs
[2026-05-18T07:09:19.708+0000] {taskinstance.py:2905} ERROR - Task failed with exception
Traceback (most recent call last):
  File "/home/airflow/.local/lib/python3.12/site-packages/airflow/models/taskinstance.py", line 465, in _execute_task
    result = _execute_callable(context=context, **execute_callable_kwargs)
             ^^^^^^^^^^^^^^^^^^^^^^^^^^^^^^^^^^^^^^^^^^^^^^^^^^^^^^^^^^^^^
  File "/home/airflow/.local/lib/python3.12/site-packages/airflow/models/taskinstance.py", line 432, in _execute_callable
    return execute_callable(context=context, **execute_callable_kwargs)
           ^^^^^^^^^^^^^^^^^^^^^^^^^^^^^^^^^^^^^^^^^^^^^^^^^^^^^^^^^^^^
  File "/home/airflow/.local/lib/python3.12/site-packages/airflow/models/baseoperator.py", line 400, in wrapper
    return func(self, *args, **kwargs)
           ^^^^^^^^^^^^^^^^^^^^^^^^^^^
  File "/home/airflow/.local/lib/python3.12/site-packages/airflow/operators/python.py", line 235, in execute
    return_value = self.execute_callable()
                   ^^^^^^^^^^^^^^^^^^^^^^^
  File "/home/airflow/.local/lib/python3.12/site-packages/airflow/operators/python.py", line 252, in execute_callable
    return self.python_callable(*self.op_args, **self.op_kwargs)
           ^^^^^^^^^^^^^^^^^^^^^^^^^^^^^^^^^^^^^^^^^^^^^^^^^^^^^
  File "/opt/airflow/dags/data_quality.py", line 16, in check_data_freshness
    cur.execute("""
psycopg2.errors.UndefinedTable: relation "ohlcv_1min" does not exist
LINE 5:         FROM ohlcv_1min
                     ^

[2026-05-18T07:09:19.752+0000] {taskinstance.py:1206} INFO - Marking task as FAILED. dag_id=data_quality_checks, task_id=check_freshness, run_id=manual__2026-05-18T07:09:17.548226+00:00, execution_date=20260518T070917, start_date=20260518T070919, end_date=20260518T070919
[2026-05-18T07:09:19.783+0000] {standard_task_runner.py:110} ERROR - Failed to execute job 2 for task check_freshness (relation "ohlcv_1min" does not exist
LINE 5:         FROM ohlcv_1min
                     ^
; 1016)
[2026-05-18T07:09:19.821+0000] {local_task_job_runner.py:240} INFO - Task exited with return code 1
[2026-05-18T07:09:19.866+0000] {taskinstance.py:3498} INFO - 0 downstream tasks scheduled from follow-on schedule check
[2026-05-18T07:09:19.875+0000] {local_task_job_runner.py:222} INFO - ::endgroup::
